#
# There is insufficient memory for the Java Runtime Environment to continue.
# Native memory allocation (malloc) failed to allocate 1956320 bytes for Chunk::new
# Possible reasons:
#   The system is out of physical RAM or swap space
#   In 32 bit mode, the process size limit was hit
# Possible solutions:
#   Reduce memory load on the system
#   Increase physical memory or swap space
#   Check if swap backing store is full
#   Use 64 bit Java on a 64 bit OS
#   Decrease Java heap size (-Xmx/-Xms)
#   Decrease number of Java threads
#   Decrease Java thread stack sizes (-Xss)
#   Set larger code cache with -XX:ReservedCodeCacheSize=
# This output file may be truncated or incomplete.
#
#  Out of Memory Error (allocation.cpp:390), pid=6336, tid=0x0000000000000e0c
#
# JRE version: OpenJDK Runtime Environment (8.0_112-b06) (build 1.8.0_112-release-b06)
# Java VM: OpenJDK 64-Bit Server VM (25.112-b06 mixed mode windows-amd64 compressed oops)
# Failed to write core dump. Minidumps are not enabled by default on client versions of Windows
#

---------------  T H R E A D  ---------------

Current thread (0x0000000057d21000):  JavaThread "C2 CompilerThread1" daemon [_thread_in_native, id=3596, stack(0x00000000581b0000,0x00000000582b0000)]

Stack: [0x00000000581b0000,0x00000000582b0000]
[error occurred during error reporting (printing stack bounds), id 0xc0000005]

Native frames: (J=compiled Java code, j=interpreted, Vv=VM code, C=native code)


Current CompileTask:
C2:   9338 3246       4       java.net.URLClassLoader$1::run (5 bytes)


---------------  P R O C E S S  ---------------

Java Threads: ( => current thread )
  0x000000005c4aa000 JavaThread "File lock request listener" [_thread_in_native, id=6968, stack(0x000000005a9d0000,0x000000005aad0000)]
  0x0000000059459800 JavaThread "Stdin handler" [_thread_blocked, id=6688, stack(0x000000005abd0000,0x000000005acd0000)]
  0x0000000059443000 JavaThread "Asynchronous log dispatcher for DefaultDaemonConnection: socket connection from /127.0.0.1:22061 to /127.0.0.1:22062" [_thread_blocked, id=6380, stack(0x000000005aad0000,0x000000005abd0000)]
  0x0000000059507800 JavaThread "pool-1-thread-1" [_thread_blocked, id=2928, stack(0x000000005a760000,0x000000005a860000)]
  0x0000000059506800 JavaThread "Daemon worker" [_thread_in_Java, id=5368, stack(0x000000005a860000,0x000000005a960000)]
  0x0000000059447000 JavaThread "Cancel handler" [_thread_blocked, id=1924, stack(0x000000005a550000,0x000000005a650000)]
  0x000000005940d000 JavaThread "Handler for socket connection from /127.0.0.1:22061 to /127.0.0.1:22062" [_thread_in_native, id=924, stack(0x0000000059d60000,0x0000000059e60000)]
  0x0000000059408000 JavaThread "Daemon" [_thread_blocked, id=6800, stack(0x000000005a660000,0x000000005a760000)]
  0x000000005931c000 JavaThread "Incoming local TCP Connector on port 22061" [_thread_in_native, id=5180, stack(0x000000005a200000,0x000000005a300000)]
  0x0000000057d94000 JavaThread "Service Thread" daemon [_thread_blocked, id=3324, stack(0x00000000574d0000,0x00000000575d0000)]
  0x0000000057d79800 JavaThread "C1 CompilerThread2" daemon [_thread_in_native, id=324, stack(0x00000000582f0000,0x00000000583f0000)]
=>0x0000000057d21000 JavaThread "C2 CompilerThread1" daemon [_thread_in_native, id=3596, stack(0x00000000581b0000,0x00000000582b0000)]
  0x00000000564f8000 JavaThread "C2 CompilerThread0" daemon [_thread_in_native, id=5404, stack(0x0000000057c20000,0x0000000057d20000)]
  0x00000000564f7000 JavaThread "Attach Listener" daemon [_thread_blocked, id=3320, stack(0x0000000057a30000,0x0000000057b30000)]
  0x00000000564f3800 JavaThread "Signal Dispatcher" daemon [_thread_blocked, id=4772, stack(0x00000000578e0000,0x00000000579e0000)]
  0x00000000564d7000 JavaThread "Finalizer" daemon [_thread_blocked, id=1988, stack(0x00000000577d0000,0x00000000578d0000)]
  0x0000000056490000 JavaThread "Reference Handler" daemon [_thread_blocked, id=4128, stack(0x0000000057600000,0x0000000057700000)]
  0x000000000018e800 JavaThread "main" [_thread_blocked, id=7104, stack(0x0000000002440000,0x0000000002540000)]

Other Threads:
  0x0000000056488800 VMThread [stack: 0x00000000573a0000,0x00000000574a0000] [id=6744]
  0x0000000057d98000 WatcherThread [stack: 0x0000000058490000,0x0000000058590000] [id=3972]

VM state:not at safepoint (normal execution)

VM Mutex/Monitor currently owned by a thread: None

Heap:
 PSYoungGen      total 71680K, used 37507K [0x00000000e0000000, 0x00000000e8400000, 0x0000000100000000)
  eden space 66560K, 48% used [0x00000000e0000000,0x00000000e1fa7d08,0x00000000e4100000)
  from space 5120K, 99% used [0x00000000e4100000,0x00000000e45f9050,0x00000000e4600000)
  to   space 11776K, 0% used [0x00000000e7880000,0x00000000e7880000,0x00000000e8400000)
 ParOldGen       total 60928K, used 16673K [0x00000000a0000000, 0x00000000a3b80000, 0x00000000e0000000)
  object space 60928K, 27% used [0x00000000a0000000,0x00000000a1048528,0x00000000a3b80000)
 Metaspace       used 33752K, capacity 34242K, committed 34432K, reserved 1079296K
  class space    used 4518K, capacity 4685K, committed 4736K, reserved 1048576K

Card table byte_map: [0x0000000011bd0000,0x0000000011ee0000] byte_map_base: 0x00000000116d0000

Marking Bits: (ParMarkBitMap*) 0x00000000698918f0
 Begin Bits: [0x0000000012800000, 0x0000000014000000)
 End Bits:   [0x0000000014000000, 0x0000000015800000)

Polling page: 0x0000000000140000

CodeCache: size=245760Kb used=12794Kb max_used=12794Kb free=232965Kb
 bounds [0x0000000002810000, 0x00000000034a0000, 0x0000000011810000]
 total_blobs=4053 nmethods=3353 adapters=613
 compilation: enabled

Compilation events (10 events):
Event: 9.323 Thread 0x0000000057d79800 nmethod 3373 0x0000000003492250 code [0x00000000034924a0, 0x00000000034932f8]
Event: 9.328 Thread 0x0000000057d79800 3374       1       java.util.EnumMap::access$600 (5 bytes)
Event: 9.328 Thread 0x0000000057d79800 nmethod 3374 0x0000000003493c50 code [0x0000000003493da0, 0x0000000003493e90]
Event: 9.330 Thread 0x0000000057d79800 3375       3       java.util.regex.Matcher::find (35 bytes)
Event: 9.331 Thread 0x0000000057d79800 nmethod 3375 0x0000000003493f10 code [0x00000000034940c0, 0x0000000003494658]
Event: 9.332 Thread 0x0000000057d79800 3376       3       com.google.common.collect.TransformedIterator::<init> (16 bytes)
Event: 9.332 Thread 0x0000000057d79800 nmethod 3376 0x0000000003494810 code [0x0000000003494980, 0x0000000003494c88]
Event: 9.332 Thread 0x0000000057d79800 3377       3       sun.misc.ProxyGenerator$MethodInfo::<init> (86 bytes)
Event: 9.333 Thread 0x0000000057d79800 nmethod 3377 0x0000000003494dd0 code [0x0000000003495020, 0x0000000003495aa8]
Event: 9.333 Thread 0x0000000057d79800 3379       3       sun.misc.ProxyGenerator$MethodInfo::write (283 bytes)

GC Heap History (10 events):
Event: 2.446 GC heap before
{Heap before GC invocations=2 (full 0):
 PSYoungGen      total 38400K, used 37649K [0x00000000e0000000, 0x00000000e4b00000, 0x0000000100000000)
  eden space 33280K, 100% used [0x00000000e0000000,0x00000000e2080000,0x00000000e2080000)
  from space 5120K, 85% used [0x00000000e2080000,0x00000000e24c44a8,0x00000000e2580000)
  to   space 5120K, 0% used [0x00000000e4600000,0x00000000e4600000,0x00000000e4b00000)
 ParOldGen       total 87552K, used 8K [0x00000000a0000000, 0x00000000a5580000, 0x00000000e0000000)
  object space 87552K, 0% used [0x00000000a0000000,0x00000000a0002000,0x00000000a5580000)
 Metaspace       used 13106K, capacity 13412K, committed 13696K, reserved 1060864K
  class space    used 1747K, capacity 1869K, committed 1920K, reserved 1048576K
Event: 2.511 GC heap after
Heap after GC invocations=2 (full 0):
 PSYoungGen      total 71680K, used 5116K [0x00000000e0000000, 0x00000000e4b00000, 0x0000000100000000)
  eden space 66560K, 0% used [0x00000000e0000000,0x00000000e0000000,0x00000000e4100000)
  from space 5120K, 99% used [0x00000000e4600000,0x00000000e4aff300,0x00000000e4b00000)
  to   space 5120K, 0% used [0x00000000e4100000,0x00000000e4100000,0x00000000e4600000)
 ParOldGen       total 87552K, used 788K [0x00000000a0000000, 0x00000000a5580000, 0x00000000e0000000)
  object space 87552K, 0% used [0x00000000a0000000,0x00000000a00c5338,0x00000000a5580000)
 Metaspace       used 13106K, capacity 13412K, committed 13696K, reserved 1060864K
  class space    used 1747K, capacity 1869K, committed 1920K, reserved 1048576K
}
Event: 4.410 GC heap before
{Heap before GC invocations=3 (full 0):
 PSYoungGen      total 71680K, used 59923K [0x00000000e0000000, 0x00000000e4b00000, 0x0000000100000000)
  eden space 66560K, 82% used [0x00000000e0000000,0x00000000e3585a50,0x00000000e4100000)
  from space 5120K, 99% used [0x00000000e4600000,0x00000000e4aff300,0x00000000e4b00000)
  to   space 5120K, 0% used [0x00000000e4100000,0x00000000e4100000,0x00000000e4600000)
 ParOldGen       total 87552K, used 788K [0x00000000a0000000, 0x00000000a5580000, 0x00000000e0000000)
  object space 87552K, 0% used [0x00000000a0000000,0x00000000a00c5338,0x00000000a5580000)
 Metaspace       used 20790K, capacity 21096K, committed 21296K, reserved 1067008K
  class space    used 2755K, capacity 2869K, committed 2944K, reserved 1048576K
Event: 4.501 GC heap after
Heap after GC invocations=3 (full 0):
 PSYoungGen      total 71680K, used 5099K [0x00000000e0000000, 0x00000000e4b00000, 0x0000000100000000)
  eden space 66560K, 0% used [0x00000000e0000000,0x00000000e0000000,0x00000000e4100000)
  from space 5120K, 99% used [0x00000000e4100000,0x00000000e45fafe0,0x00000000e4600000)
  to   space 5120K, 0% used [0x00000000e4600000,0x00000000e4600000,0x00000000e4b00000)
 ParOldGen       total 87552K, used 8149K [0x00000000a0000000, 0x00000000a5580000, 0x00000000e0000000)
  object space 87552K, 9% used [0x00000000a0000000,0x00000000a07f5720,0x00000000a5580000)
 Metaspace       used 20790K, capacity 21096K, committed 21296K, reserved 1067008K
  class space    used 2755K, capacity 2869K, committed 2944K, reserved 1048576K
}
Event: 4.501 GC heap before
{Heap before GC invocations=4 (full 1):
 PSYoungGen      total 71680K, used 5099K [0x00000000e0000000, 0x00000000e4b00000, 0x0000000100000000)
  eden space 66560K, 0% used [0x00000000e0000000,0x00000000e0000000,0x00000000e4100000)
  from space 5120K, 99% used [0x00000000e4100000,0x00000000e45fafe0,0x00000000e4600000)
  to   space 5120K, 0% used [0x00000000e4600000,0x00000000e4600000,0x00000000e4b00000)
 ParOldGen       total 87552K, used 8149K [0x00000000a0000000, 0x00000000a5580000, 0x00000000e0000000)
  object space 87552K, 9% used [0x00000000a0000000,0x00000000a07f5720,0x00000000a5580000)
 Metaspace       used 20790K, capacity 21096K, committed 21296K, reserved 1067008K
  class space    used 2755K, capacity 2869K, committed 2944K, reserved 1048576K
Event: 4.554 GC heap after
Heap after GC invocations=4 (full 1):
 PSYoungGen      total 71680K, used 0K [0x00000000e0000000, 0x00000000e4b00000, 0x0000000100000000)
  eden space 66560K, 0% used [0x00000000e0000000,0x00000000e0000000,0x00000000e4100000)
  from space 5120K, 0% used [0x00000000e4100000,0x00000000e4100000,0x00000000e4600000)
  to   space 5120K, 0% used [0x00000000e4600000,0x00000000e4600000,0x00000000e4b00000)
 ParOldGen       total 60928K, used 12121K [0x00000000a0000000, 0x00000000a3b80000, 0x00000000e0000000)
  object space 60928K, 19% used [0x00000000a0000000,0x00000000a0bd64d0,0x00000000a3b80000)
 Metaspace       used 20790K, capacity 21096K, committed 21296K, reserved 1067008K
  class space    used 2755K, capacity 2869K, committed 2944K, reserved 1048576K
}
Event: 6.377 GC heap before
{Heap before GC invocations=5 (full 1):
 PSYoungGen      total 71680K, used 66560K [0x00000000e0000000, 0x00000000e4b00000, 0x0000000100000000)
  eden space 66560K, 100% used [0x00000000e0000000,0x00000000e4100000,0x00000000e4100000)
  from space 5120K, 0% used [0x00000000e4100000,0x00000000e4100000,0x00000000e4600000)
  to   space 5120K, 0% used [0x00000000e4600000,0x00000000e4600000,0x00000000e4b00000)
 ParOldGen       total 60928K, used 12121K [0x00000000a0000000, 0x00000000a3b80000, 0x00000000e0000000)
  object space 60928K, 19% used [0x00000000a0000000,0x00000000a0bd64d0,0x00000000a3b80000)
 Metaspace       used 26064K, capacity 26524K, committed 26880K, reserved 1073152K
  class space    used 3591K, capacity 3729K, committed 3840K, reserved 1048576K
Event: 6.386 GC heap after
Heap after GC invocations=5 (full 1):
 PSYoungGen      total 71680K, used 5095K [0x00000000e0000000, 0x00000000e4b00000, 0x0000000100000000)
  eden space 66560K, 0% used [0x00000000e0000000,0x00000000e0000000,0x00000000e4100000)
  from space 5120K, 99% used [0x00000000e4600000,0x00000000e4af9ce8,0x00000000e4b00000)
  to   space 5120K, 0% used [0x00000000e4100000,0x00000000e4100000,0x00000000e4600000)
 ParOldGen       total 60928K, used 14988K [0x00000000a0000000, 0x00000000a3b80000, 0x00000000e0000000)
  object space 60928K, 24% used [0x00000000a0000000,0x00000000a0ea3050,0x00000000a3b80000)
 Metaspace       used 26064K, capacity 26524K, committed 26880K, reserved 1073152K
  class space    used 3591K, capacity 3729K, committed 3840K, reserved 1048576K
}
Event: 8.582 GC heap before
{Heap before GC invocations=6 (full 1):
 PSYoungGen      total 71680K, used 71655K [0x00000000e0000000, 0x00000000e4b00000, 0x0000000100000000)
  eden space 66560K, 100% used [0x00000000e0000000,0x00000000e4100000,0x00000000e4100000)
  from space 5120K, 99% used [0x00000000e4600000,0x00000000e4af9ce8,0x00000000e4b00000)
  to   space 5120K, 0% used [0x00000000e4100000,0x00000000e4100000,0x00000000e4600000)
 ParOldGen       total 60928K, used 14988K [0x00000000a0000000, 0x00000000a3b80000, 0x00000000e0000000)
  object space 60928K, 24% used [0x00000000a0000000,0x00000000a0ea3050,0x00000000a3b80000)
 Metaspace       used 29555K, capacity 30002K, committed 30336K, reserved 1075200K
  class space    used 3999K, capacity 4119K, committed 4224K, reserved 1048576K
Event: 8.591 GC heap after
Heap after GC invocations=6 (full 1):
 PSYoungGen      total 71680K, used 5092K [0x00000000e0000000, 0x00000000e8400000, 0x0000000100000000)
  eden space 66560K, 0% used [0x00000000e0000000,0x00000000e0000000,0x00000000e4100000)
  from space 5120K, 99% used [0x00000000e4100000,0x00000000e45f9050,0x00000000e4600000)
  to   space 11776K, 0% used [0x00000000e7880000,0x00000000e7880000,0x00000000e8400000)
 ParOldGen       total 60928K, used 16673K [0x00000000a0000000, 0x00000000a3b80000, 0x00000000e0000000)
  object space 60928K, 27% used [0x00000000a0000000,0x00000000a1048528,0x00000000a3b80000)
 Metaspace       used 29555K, capacity 30002K, committed 30336K, reserved 1075200K
  class space    used 3999K, capacity 4119K, committed 4224K, reserved 1048576K
}

Deoptimization events (10 events):
Event: 8.592 Thread 0x0000000059506800 Uncommon trap: reason=unstable_if action=reinterpret pc=0x0000000003026530 method=org.codehaus.groovy.reflection.CachedMethod.compareToMethod(Ljava/lang/reflect/Method;)I @ 111
Event: 8.686 Thread 0x0000000059506800 Uncommon trap: reason=bimorphic action=maybe_recompile pc=0x0000000002ffb4c0 method=java.lang.ClassLoader.getPackage(Ljava/lang/String;)Ljava/lang/Package; @ 47
Event: 8.688 Thread 0x0000000059506800 Uncommon trap: reason=bimorphic action=maybe_recompile pc=0x0000000002ffb4c0 method=java.lang.ClassLoader.getPackage(Ljava/lang/String;)Ljava/lang/Package; @ 47
Event: 8.689 Thread 0x0000000059506800 Uncommon trap: reason=bimorphic action=maybe_recompile pc=0x0000000002ffb4c0 method=java.lang.ClassLoader.getPackage(Ljava/lang/String;)Ljava/lang/Package; @ 47
Event: 8.690 Thread 0x0000000059506800 Uncommon trap: reason=bimorphic action=maybe_recompile pc=0x0000000002ffb4c0 method=java.lang.ClassLoader.getPackage(Ljava/lang/String;)Ljava/lang/Package; @ 47
Event: 8.691 Thread 0x0000000059506800 Uncommon trap: reason=bimorphic action=maybe_recompile pc=0x0000000002fd0478 method=java.lang.ClassLoader.getPackage(Ljava/lang/String;)Ljava/lang/Package; @ 47
Event: 8.926 Thread 0x0000000059506800 Uncommon trap: reason=unstable_if action=reinterpret pc=0x0000000003154c0c method=java.lang.Integer.valueOf(I)Ljava/lang/Integer; @ 3
Event: 9.179 Thread 0x0000000059506800 Uncommon trap: reason=bimorphic action=maybe_recompile pc=0x000000000339235c method=java.security.MessageDigest$Delegate.engineUpdate([BII)V @ 7
Event: 9.179 Thread 0x0000000059506800 Uncommon trap: reason=bimorphic action=maybe_recompile pc=0x000000000339235c method=java.security.MessageDigest$Delegate.engineUpdate([BII)V @ 7
Event: 9.179 Thread 0x0000000059506800 Uncommon trap: reason=bimorphic action=maybe_recompile pc=0x00000000033add70 method=sun.security.provider.DigestBase.engineUpdate([BII)V @ 128

Internal exceptions (10 events):
Event: 8.616 Thread 0x0000000059506800 Exception <a 'java/lang/ClassNotFoundException': org/gradle/api/internal/file/FileOperationsBeanInfo> (0x00000000e01c1328) thrown at [C:\src\android\AOSP-openjdk\external\jetbrains\jdk\hotspot\src\share\vm\classfile\systemDictionary.cpp, line 210]
Event: 8.617 Thread 0x0000000059506800 Exception <a 'java/lang/ClassNotFoundException': org/gradle/api/internal/file/FileOperationsCustomizer> (0x00000000e01e95f8) thrown at [C:\src\android\AOSP-openjdk\external\jetbrains\jdk\hotspot\src\share\vm\classfile\systemDictionary.cpp, line 210]
Event: 8.618 Thread 0x0000000059506800 Exception <a 'java/lang/ClassNotFoundException': org/gradle/api/internal/ProcessOperationsBeanInfo> (0x00000000e022cc00) thrown at [C:\src\android\AOSP-openjdk\external\jetbrains\jdk\hotspot\src\share\vm\classfile\systemDictionary.cpp, line 210]
Event: 8.618 Thread 0x0000000059506800 Exception <a 'java/lang/ClassNotFoundException': org/gradle/api/internal/ProcessOperationsCustomizer> (0x00000000e0254450) thrown at [C:\src\android\AOSP-openjdk\external\jetbrains\jdk\hotspot\src\share\vm\classfile\systemDictionary.cpp, line 210]
Event: 8.675 Thread 0x0000000059506800 Exception <a 'java/lang/ClassNotFoundException': build_61yrzc21wi5o6pt66frkeavn2BeanInfo> (0x00000000e03c0c38) thrown at [C:\src\android\AOSP-openjdk\external\jetbrains\jdk\hotspot\src\share\vm\classfile\systemDictionary.cpp, line 210]
Event: 8.675 Thread 0x0000000059506800 Exception <a 'java/lang/ClassNotFoundException': build_61yrzc21wi5o6pt66frkeavn2Customizer> (0x00000000e03d0e28) thrown at [C:\src\android\AOSP-openjdk\external\jetbrains\jdk\hotspot\src\share\vm\classfile\systemDictionary.cpp, line 210]
Event: 8.679 Thread 0x0000000059506800 Exception <a 'java/lang/ClassNotFoundException': org/gradle/api/internal/plugins/DefaultObjectConfigurationActionBeanInfo> (0x00000000e042aab8) thrown at [C:\src\android\AOSP-openjdk\external\jetbrains\jdk\hotspot\src\share\vm\classfile\systemDictionary.cp…Ëà:,\!@
Event: 8.680 Thread 0x0000000059506800 Exception <a 'java/lang/ClassNotFoundException': org/gradle/api/internal/plugins/DefaultObjectConfigurationActionCustomizer> (0x00000000e045a4c0) thrown at [C:\src\android\AOSP-openjdk\external\jetbrains\jdk\hotspot\src\share\vm\classfile\systemDictionary.Äõ¥Eú\!@
Event: 8.682 Thread 0x0000000059506800 Exception <a 'java/lang/ClassNotFoundException': org/gradle/api/plugins/ObjectConfigurationActionBeanInfo> (0x00000000e0498da0) thrown at [C:\src\android\AOSP-openjdk\external\jetbrains\jdk\hotspot\src\share\vm\classfile\systemDictionary.cpp, line 210]
Event: 8.683 Thread 0x0000000059506800 Exception <a 'java/lang/ClassNotFoundException': org/gradle/api/plugins/ObjectConfigurationActionCustomizer> (0x00000000e04c0e10) thrown at [C:\src\android\AOSP-openjdk\external\jetbrains\jdk\hotspot\src\share\vm\classfile\systemDictionary.cpp, line 210]

Events (10 events):
Event: 9.330 loading class com/google/common/collect/SortedIterables
Event: 9.330 loading class com/google/common/collect/SortedIterables done
Event: 9.330 loading class org/gradle/model/internal/manage/schema/extract/StructSchemaExtractionStrategySupport$5
Event: 9.330 loading class org/gradle/model/internal/manage/schema/extract/StructSchemaExtractionStrategySupport$5 done
Event: 9.331 loading class org/gradle/model/internal/manage/schema/ScalarValueSchema
Event: 9.331 loading class org/gradle/model/internal/manage/schema/ScalarValueSchema done
Event: 9.331 loading class org/gradle/model/internal/inspect/ManagedModelCreationRuleExtractor$ExtractedManagedCreationRule
Event: 9.331 loading class org/gradle/model/internal/inspect/ManagedModelCreationRuleExtractor$ExtractedManagedCreationRule done
Event: 9.334 loading class org/gradle/platform/base/internal/registry/ComponentTypeModelRuleExtractor$ComponentTypeRegistrationInfo
Event: 9.334 loading class org/gradle/platform/base/internal/registry/ComponentTypeModelRuleExtractor$ComponentTypeRegistrationInfo done


Dynamic libraries:
0x000000013f170000 - 0x000000013f1a1000 	C:\Android\Android Studio\jre\bin\java.exe
0x0000000077ad0000 - 0x0000000077c7a000 	C:\Windows\SYSTEM32\ntdll.dll
0x00000000779b0000 - 0x0000000077acf000 	C:\Windows\system32\kernel32.dll
0x000007fefd870000 - 0x000007fefd8da000 	C:\Windows\system32\KERNELBASE.dll
0x000007feff7f0000 - 0x000007feff8cb000 	C:\Windows\system32\ADVAPI32.dll
0x000007fefdfe0000 - 0x000007fefe07f000 	C:\Windows\system32\msvcrt.dll
0x000007fefdfc0000 - 0x000007fefdfdf000 	C:\Windows\SYSTEM32\sechost.dll
0x000007fefe490000 - 0x000007fefe5bd000 	C:\Windows\system32\RPCRT4.dll
0x00000000778b0000 - 0x00000000779aa000 	C:\Windows\system32\USER32.dll
0x000007fefe080000 - 0x000007fefe0e7000 	C:\Windows\system32\GDI32.dll
0x000007feffdd0000 - 0x000007feffdde000 	C:\Windows\system32\LPK.dll
0x000007feff900000 - 0x000007feff9ca000 	C:\Windows\system32\USP10.dll
0x000007fefadb0000 - 0x000007fefafa4000 	C:\Windows\WinSxS\amd64_microsoft.windows.common-controls_6595b64144ccf1df_6.0.7601.23403_none_e36ad4593102f066\COMCTL32.dll
0x000007feff770000 - 0x000007feff7e1000 	C:\Windows\system32\SHLWAPI.dll
0x000007feff8d0000 - 0x000007feff8fe000 	C:\Windows\system32\IMM32.DLL
0x000007fefe8c0000 - 0x000007fefe9c9000 	C:\Windows\system32\MSCTF.dll
0x0000000068880000 - 0x0000000068952000 	C:\Android\Android Studio\jre\jre\bin\msvcr100.dll
0x00000000690d0000 - 0x000000006990c000 	C:\Android\Android Studio\jre\jre\bin\server\jvm.dll
0x000007fef7cc0000 - 0x000007fef7cc9000 	C:\Windows\system32\WSOCK32.dll
0x000007fefdca0000 - 0x000007fefdced000 	C:\Windows\system32\WS2_32.dll
0x000007feff760000 - 0x000007feff768000 	C:\Windows\system32\NSI.dll
0x000007fef7c20000 - 0x000007fef7c5b000 	C:\Windows\system32\WINMM.dll
0x000007fefc7a0000 - 0x000007fefc7ac000 	C:\Windows\system32\VERSION.dll
0x0000000077c90000 - 0x0000000077c97000 	C:\Windows\system32\PSAPI.DLL
0x000007feec090000 - 0x000007feec09f000 	C:\Android\Android Studio\jre\jre\bin\verify.dll
0x000007feec060000 - 0x000007feec089000 	C:\Android\Android Studio\jre\jre\bin\java.dll
0x000007feec040000 - 0x000007feec056000 	C:\Android\Android Studio\jre\jre\bin\zip.dll
0x000007fefe9d0000 - 0x000007feff75a000 	C:\Windows\system32\SHELL32.dll
0x000007feff9d0000 - 0x000007feffbd3000 	C:\Windows\system32\ole32.dll
0x000007fefd800000 - 0x000007fefd80f000 	C:\Windows\system32\profapi.dll
0x000007feec020000 - 0x000007feec03a000 	C:\Android\Android Studio\jre\jre\bin\net.dll
0x000007fefcfa0000 - 0x000007fefcff5000 	C:\Windows\system32\mswsock.dll
0x000007fefcf90000 - 0x000007fefcf97000 	C:\Windows\System32\wship6.dll
0x000007feec000000 - 0x000007feec011000 	C:\Android\Android Studio\jre\jre\bin\nio.dll
0x000007fee97d0000 - 0x000007fee97ee000 	C:\Users\Âàíÿ\.gradle\native\23\windows-amd64\native-platform.dll
0x000007fefd000000 - 0x000007fefd018000 	C:\Windows\system32\CRYPTSP.dll
0x000007fefcd00000 - 0x000007fefcd47000 	C:\Windows\system32\rsaenh.dll
0x000007fefd850000 - 0x000007fefd86f000 	C:\Windows\system32\USERENV.dll
0x000007fefd6a0000 - 0x000007fefd6af000 	C:\Windows\system32\CRYPTBASE.dll
0x000007fefad30000 - 0x000007fefad57000 	C:\Windows\system32\IPHLPAPI.DLL
0x000007fefad20000 - 0x000007fefad2b000 	C:\Windows\system32\WINNSI.DLL
0x000007fef9430000 - 0x000007fef9441000 	C:\Windows\system32\dhcpcsvc6.DLL
0x000007fef93b0000 - 0x000007fef93c8000 	C:\Windows\system32\dhcpcsvc.DLL
0x000007feebff0000 - 0x000007feebffd000 	C:\Android\Android Studio\jre\jre\bin\management.dll
0x000007fefd600000 - 0x000007fefd657000 	C:\Windows\system32\apphelp.dll

VM Arguments:
jvm_args: -Xmx1536m -Dfile.encoding=windows-1251 -Duser.country=RU -Duser.language=ru -Duser.variant 
java_command: org.gradle.launcher.daemon.bootstrap.GradleDaemon 3.3
java_class_path (initial): C:\Users\Âàíÿ\.gradle\wrapper\dists\gradle-3.3-all\55gk2rcmfc6p2dg9u9ohc3hw9\gradle-3.3\lib\gradle-launcher-3.3.jar
Launcher Type: SUN_STANDARD

Environment Variables:
PATH=D:\Install\oraclexe\app\oracle\product\11.2.0\server\bin;;C:\ProgramData\Oracle\Java\javapath;C:\Windows\system32;C:\Windows;C:\Windows\System32\Wbem;C:\Windows\System32\WindowsPowerShell\v1.0\;C:\Program Files (x86)\NVIDIA Corporation\PhysX\Common;C:\Windows\system32\config\systemprofile\.dnx\bin;C:\Program Files\Microsoft DNX\Dnvm\;C:\Program Files (x86)\Windows Kits\8.1\Windows Performance Toolkit\;C:\Program Files\Microsoft SQL Server\120\Tools\Binn\;C:\Program Files\Microsoft SQL Server\130\Tools\Binn\;C:\Program Files (x86)\Microsoft SQL Server\110\Tools\Binn\;C:\Program Files\Microsoft SQL Server\110\Tools\Binn\;C:\Program Files\Microsoft SQL Server\110\DTS\Binn\;C:\Program Files (x86)\Microsoft SQL Server\110\Tools\Binn\ManagementStudio\;C:\Program Files (x86)\Microsoft SQL Server\110\DTS\Binn\;C:\Program Files\Git\cmd;C:\Program Files\Microsoft\Web Platform Installer\
USERNAME=Âàíÿ
OS=Windows_NT
PROCESSOR_IDENTIFIER=Intel64 Family 6 Model 42 Stepping 7, GenuineIntel



---------------  S Y S T E M  ---------------

OS: Windows 7 , 64 bit Build 7601 (6.1.7601.23539)

CPU:total 4 (2 cores per cpu, 2 threads per core) family 6 model 42 stepping 7, cmov, cx8, fxsr, mmx, sse, sse2, sse3, ssse3, sse4.1, sse4.2, popcnt, avx, clmul, ht, tsc, tscinvbit

Memory: 4k page, physical 8334972k(161568k free), swap 10430264k(6224k free)

vm_info: OpenJDK 64-Bit Server VM (25.112-b06) for windows-amd64 JRE (1.8.0_112-release-b06), built on Dec  8 2016 00:54:26 by "builder" with MS VC++ 10.0 (VS2010)

time: Wed May 10 15:17:05 2017
elapsed time: 9 seconds (0d 0h 0m 9s)

